<?xml version="1.0" encoding="UTF-8"?>
<testsuite xmlns:xsi="http://www.w3.org/2001/XMLSchema-instance" xsi:noNamespaceSchemaLocation="https://maven.apache.org/surefire/maven-surefire-plugin/xsd/surefire-test-report.xsd" name="APICourierTests" time="7.754" tests="7" errors="0" skipped="0" failures="6">
  <properties>
[...]
</properties>
  <testcase name="checkCreateCourierWOFirstName" classname="APICourierTests" time="3.735">
    <failure message="1 expectation failed.&#10;JSON path message doesn&apos;t match.&#10;Expected: РќРµРґРѕСЃС‚Р°С‚РѕС‡РЅРѕ РґР°РЅРЅС‹С… РґР»СЏ СЃРѕР·РґР°РЅРёСЏ СѓС‡РµС‚РЅРѕР№ Р·Р°РїРёСЃРё&#10;  Actual: Недостаточно данных для создания учетной записи&#10;" type="java.lang.AssertionError">java.lang.AssertionError: 
1 expectation failed.
JSON path message doesn't match.
Expected: РќРµРґРѕСЃС‚Р°С‚РѕС‡РЅРѕ РґР°РЅРЅС‹С… РґР»СЏ СЃРѕР·РґР°РЅРёСЏ СѓС‡РµС‚РЅРѕР№ Р·Р°РїРёСЃРё
  Actual: Недостаточно данных для создания учетной записи

	at APICourierTests.checkCreateCourierWOFirstName(APICourierTests.java:47)
</failure>
    <system-err><![CDATA[SLF4J: Failed to load class "org.slf4j.impl.StaticLoggerBinder".
SLF4J: Defaulting to no-operation (NOP) logger implementation
SLF4J: See http://www.slf4j.org/codes.html#StaticLoggerBinder for further details.
]]></system-err>
  </testcase>
  <testcase name="loginCourierWrongDataTest" classname="APICourierTests" time="0.7">
    <failure message="1 expectation failed.&#10;JSON path message doesn&apos;t match.&#10;Expected: РќРµРґРѕСЃС‚Р°С‚РѕС‡РЅРѕ РґР°РЅРЅС‹С… РґР»СЏ РІС…РѕРґР°&#10;  Actual: Недостаточно данных для входа&#10;" type="java.lang.AssertionError">java.lang.AssertionError: 
1 expectation failed.
JSON path message doesn't match.
Expected: РќРµРґРѕСЃС‚Р°С‚РѕС‡РЅРѕ РґР°РЅРЅС‹С… РґР»СЏ РІС…РѕРґР°
  Actual: Недостаточно данных для входа

	at APICourierTests.loginCourierWrongDataTest(APICourierTests.java:77)
</failure>
  </testcase>
  <testcase name="checkCreateCourier" classname="APICourierTests" time="0.649">
    <failure message="1 expectation failed.&#10;Expected status code &lt;201&gt; but was &lt;409&gt;.&#10;" type="java.lang.AssertionError"><![CDATA[java.lang.AssertionError: 
1 expectation failed.
Expected status code <201> but was <409>.

	at APICourierTests.checkCreateCourier(APICourierTests.java:24)
]]></failure>
  </testcase>
  <testcase name="deleteCourierTest" classname="APICourierTests" time="0.628">
    <failure message="1 expectation failed.&#10;Expected status code &lt;200&gt; but was &lt;400&gt;.&#10;" type="java.lang.AssertionError"><![CDATA[java.lang.AssertionError: 
1 expectation failed.
Expected status code <200> but was <400>.

	at APICourierTests.deleteCourierTest(APICourierTests.java:98)
]]></failure>
  </testcase>
  <testcase name="loginCourierNotExistLoginTest" classname="APICourierTests" time="0.629">
    <failure message="1 expectation failed.&#10;JSON path message doesn&apos;t match.&#10;Expected: РЈС‡РµС‚РЅР°СЏ Р·Р°РїРёСЃСЊ РЅРµ РЅР°Р№РґРµРЅР°&#10;  Actual: Учетная запись не найдена&#10;" type="java.lang.AssertionError">java.lang.AssertionError: 
1 expectation failed.
JSON path message doesn't match.
Expected: РЈС‡РµС‚РЅР°СЏ Р·Р°РїРёСЃСЊ РЅРµ РЅР°Р№РґРµРЅР°
  Actual: Учетная запись не найдена

	at APICourierTests.loginCourierNotExistLoginTest(APICourierTests.java:88)
</failure>
  </testcase>
  <testcase name="loginCourierPositiveTest" classname="APICourierTests" time="0.613"/>
  <testcase name="checkCreateSameCourier" classname="APICourierTests" time="0.637">
    <failure message="1 expectation failed.&#10;JSON path message doesn&apos;t match.&#10;Expected: Р­С‚РѕС‚ Р»РѕРіРёРЅ СѓР¶Рµ РёСЃРїРѕР»СЊР·СѓРµС‚СЃСЏ. РџРѕРїСЂРѕР±СѓР№С‚Рµ РґСЂСѓРіРѕР№.&#10;  Actual: Этот логин уже используется. Попробуйте другой.&#10;" type="java.lang.AssertionError">java.lang.AssertionError: 
1 expectation failed.
JSON path message doesn't match.
Expected: Р­С‚РѕС‚ Р»РѕРіРёРЅ СѓР¶Рµ РёСЃРїРѕР»СЊР·СѓРµС‚СЃСЏ. РџРѕРїСЂРѕР±СѓР№С‚Рµ РґСЂСѓРіРѕР№.
  Actual: Этот логин уже используется. Попробуйте другой.

	at APICourierTests.checkCreateSameCourier(APICourierTests.java:36)
</failure>
  </testcase>
</testsuite>